<?xml version="1.0" encoding="UTF-8"?>
<!-- Generated by org.testng.reporters.JUnitXMLReporter -->
<testsuite ignored="2" hostname="HalfLifePrince-PC" failures="1" tests="18" name="Test" time="0.037" errors="0" timestamp="2023-05-12T09:37:45 IST">
  <testcase classname="test01.TestNG2" name="a1" time="0.003"/>
  <testcase classname="test01.TestNG3" name="a" time="0.003"/>
  <testcase classname="test01.TestNG1" name="a2" time="0.004"/>
  <testcase classname="test01.TestNG1" name="a1" time="0.004"/>
  <testcase classname="test01.TestNG5" name="a" time="0.005"/>
  <testcase classname="test01.TestNG2" name="a3" time="0.001"/>
  <testcase classname="test01.TestNG3" name="c" time="0.001"/>
  <testcase classname="test01.TestNG4" name="c" time="0.002"/>
  <testcase classname="test01.TestNG2" name="ab" time="0.002"/>
  <testcase classname="test01.TestNG5" name="c" time="0.002"/>
  <testcase classname="test01.TestNG3" name="d" time="0.003"/>
  <testcase classname="test01.TestNG4" name="e" time="0.0">
    <skipped/>
  </testcase> <!-- e -->
  <testcase classname="test01.TestNG4" name="c" time="0.002"/>
  <testcase classname="test01.TestNG5" name="c" time="0.002"/>
  <testcase classname="test01.TestNG3" name="b" time="0.001"/>
  <testcase classname="test01.TestNG2" name="z" time="0.002"/>
  <testcase classname="test01.TestNG6" name="z" time="0.003">
    <failure type="java.lang.AssertionError" message="expected [true] but found [false]">
      <![CDATA[java.lang.AssertionError: expected [true] but found [false]
at test01.TestNG6.z(TestNG6.java:13)
at java.base/java.util.concurrent.ThreadPoolExecutor.runWorker(ThreadPoolExecutor.java:1136)
at java.base/java.util.concurrent.ThreadPoolExecutor$Worker.run(ThreadPoolExecutor.java:635)
at java.base/java.lang.Thread.run(Thread.java:833)
... Removed 16 stack frames]]>
    </failure>
  </testcase> <!-- z -->
  <testcase classname="test01.TestNG6" name="b" time="0.0">
    <skipped/>
  </testcase> <!-- b -->
  <testcase classname="test01.TestNG4" name="b" time="0.0">
    <ignored/>
  </testcase> <!-- b -->
  <testcase classname="test01.TestNG5" name="b" time="0.0">
    <ignored/>
  </testcase> <!-- b -->
</testsuite> <!-- Test -->
