<?xml version="1.0" encoding="UTF-8"?>
<testng-results skipped="0" failed="0" ignored="0" total="1" passed="1">
  <reporter-output>
  </reporter-output>
  <suite name="Default suite" duration-ms="1748" started-at="2023-01-28T02:35:09 IST" finished-at="2023-01-28T02:35:11 IST">
    <groups>
    </groups>
    <test name="Default test" duration-ms="1748" started-at="2023-01-28T02:35:09 IST" finished-at="2023-01-28T02:35:11 IST">
      <class name="com.facebook.tests.LoginTest">
        <test-method status="PASS" signature="loginTest()[pri:0, instance:com.facebook.tests.LoginTest@2a17b7b6]" name="loginTest" duration-ms="1732" started-at="2023-01-28T02:35:09 IST" finished-at="2023-01-28T02:35:11 IST">
          <reporter-output>
          </reporter-output>
        </test-method> <!-- loginTest -->
      </class> <!-- com.facebook.tests.LoginTest -->
    </test> <!-- Default test -->
  </suite> <!-- Default suite -->
</testng-results>
