<?xml version="1.0" encoding="UTF-8"?>
<testng-results ignored="0" total="1" passed="1" failed="0" skipped="0">
  <reporter-output>
  </reporter-output>
  <suite started-at="2023-05-16T23:37:50 IST" name="Default suite" finished-at="2023-05-16T23:37:50 IST" duration-ms="27">
    <groups>
    </groups>
    <test started-at="2023-05-16T23:37:50 IST" name="Default test" finished-at="2023-05-16T23:37:50 IST" duration-ms="27">
      <class name="test01.Assertion4">
        <test-method signature="testCase5()[pri:0, instance:test01.Assertion4@53976f5c]" started-at="2023-05-16T23:37:50 IST" name="testCase5" finished-at="2023-05-16T23:37:50 IST" duration-ms="10" status="PASS">
          <reporter-output>
          </reporter-output>
        </test-method> <!-- testCase5 -->
      </class> <!-- test01.Assertion4 -->
    </test> <!-- Default test -->
  </suite> <!-- Default suite -->
</testng-results>
