<?xml version="1.0" encoding="UTF-8"?>
<testng-results ignored="0" total="3" passed="3" failed="0" skipped="0">
  <reporter-output>
  </reporter-output>
  <suite started-at="2023-05-12T10:31:21 IST" name="Default suite" finished-at="2023-05-12T10:32:19 IST" duration-ms="58131">
    <groups>
    </groups>
    <test started-at="2023-05-12T10:31:21 IST" name="Default test" finished-at="2023-05-12T10:32:19 IST" duration-ms="58131">
      <class name="test01.TestNG7">
        <test-method is-config="true" signature="setEnv()[pri:0, instance:test01.TestNG7@16a0ee18]" started-at="2023-05-12T10:31:21 IST" name="setEnv" finished-at="2023-05-12T10:31:22 IST" duration-ms="1631" status="PASS">
          <reporter-output>
          </reporter-output>
        </test-method> <!-- setEnv -->
        <test-method signature="enterData(java.lang.String,java.lang.String)[pri:0, instance:test01.TestNG7@16a0ee18]" started-at="2023-05-12T10:31:22 IST" name="enterData" data-provider="dataSet" finished-at="2023-05-12T10:31:41 IST" duration-ms="18881" status="PASS">
          <params>
            <param index="0">
              <value>
                <![CDATA[abc@gmail.com]]>
              </value>
            </param>
            <param index="1">
              <value>
                <![CDATA[12345]]>
              </value>
            </param>
          </params>
          <reporter-output>
          </reporter-output>
        </test-method> <!-- enterData -->
        <test-method signature="enterData(java.lang.String,java.lang.String)[pri:0, instance:test01.TestNG7@16a0ee18]" started-at="2023-05-12T10:31:41 IST" name="enterData" data-provider="dataSet" finished-at="2023-05-12T10:32:00 IST" duration-ms="18806" status="PASS">
          <params>
            <param index="0">
              <value>
                <![CDATA[Email_2]]>
              </value>
            </param>
            <param index="1">
              <value>
                <![CDATA[Password_2]]>
              </value>
            </param>
          </params>
          <reporter-output>
          </reporter-output>
        </test-method> <!-- enterData -->
        <test-method signature="enterData(java.lang.String,java.lang.String)[pri:0, instance:test01.TestNG7@16a0ee18]" started-at="2023-05-12T10:32:00 IST" name="enterData" data-provider="dataSet" finished-at="2023-05-12T10:32:19 IST" duration-ms="18778" status="PASS">
          <params>
            <param index="0">
              <value>
                <![CDATA[Email_3]]>
              </value>
            </param>
            <param index="1">
              <value>
                <![CDATA[Password_3]]>
              </value>
            </param>
          </params>
          <reporter-output>
          </reporter-output>
        </test-method> <!-- enterData -->
      </class> <!-- test01.TestNG7 -->
    </test> <!-- Default test -->
  </suite> <!-- Default suite -->
</testng-results>
