<?xml version="1.0" encoding="UTF-8"?>
<!-- Generated by org.testng.reporters.JUnitXMLReporter -->
<testsuite ignored="0" hostname="HalfLifePrince-PC" failures="0" tests="3" name="Default test" time="58.131" errors="0" timestamp="2023-05-12T10:32:19 IST">
  <testcase classname="test01.TestNG7" name="enterData" time="18.881"/>
  <testcase classname="test01.TestNG7" name="enterData" time="18.806"/>
  <testcase classname="test01.TestNG7" name="enterData" time="18.778"/>
</testsuite> <!-- Default test -->
